[      95ms] [LOG] 🎯 preserveUTM.js script loaded @ http://localhost:4321/scripts/preserveUTM.js:118
[     181ms] [LOG] 🎯 DOMContentLoaded - running addUtmsToLinks @ http://localhost:4321/scripts/preserveUTM.js:142
[     182ms] [LOG] Original button text:  Join Now  @ http://localhost:4321/src/components/ui/Button.astro?astro&type=script&index=0&lang.ts:16
[     182ms] [LOG] Manual split chars: 10 @ http://localhost:4321/src/components/ui/Button.astro?astro&type=script&index=0&lang.ts:32
[     182ms] [LOG] After manual split:  Join Now  @ http://localhost:4321/src/components/ui/Button.astro?astro&type=script&index=0&lang.ts:33
[  557438ms] [LOG] 🎯 preserveUTM.js script loaded @ http://localhost:4321/scripts/preserveUTM.js:118
[  557679ms] [LOG] 🎯 DOMContentLoaded - running addUtmsToLinks @ http://localhost:4321/scripts/preserveUTM.js:142
[  557680ms] [LOG] Original button text:  Join Now  @ http://localhost:4321/src/components/ui/Button.astro?astro&type=script&index=0&lang.ts:16
[  557680ms] [LOG] Manual split chars: 10 @ http://localhost:4321/src/components/ui/Button.astro?astro&type=script&index=0&lang.ts:32
[  557680ms] [LOG] After manual split:  Join Now  @ http://localhost:4321/src/components/ui/Button.astro?astro&type=script&index=0&lang.ts:33
[  588012ms] [LOG] 🎯 preserveUTM.js script loaded @ http://localhost:4321/scripts/preserveUTM.js:118
[  588132ms] ReferenceError: navHeight is not defined
    at update (http://localhost:4321/src/layouts/TenerifeCampV2Layout.astro?astro&type=script&index=0&lang.ts:80:22)
    at installNavBg (http://localhost:4321/src/layouts/TenerifeCampV2Layout.astro?astro&type=script&index=0&lang.ts:96:3)
    at http://localhost:4321/src/layouts/TenerifeCampV2Layout.astro?astro&type=script&index=0&lang.ts:103:3
[  588161ms] [LOG] 🎯 DOMContentLoaded - running addUtmsToLinks @ http://localhost:4321/scripts/preserveUTM.js:142
[  588162ms] [LOG] Original button text:  Join Now  @ http://localhost:4321/src/components/ui/Button.astro?astro&type=script&index=0&lang.ts:16
[  588162ms] [LOG] Manual split chars: 10 @ http://localhost:4321/src/components/ui/Button.astro?astro&type=script&index=0&lang.ts:32
[  588162ms] [LOG] After manual split:  Join Now  @ http://localhost:4321/src/components/ui/Button.astro?astro&type=script&index=0&lang.ts:33
[  596888ms] [LOG] 🎯 preserveUTM.js script loaded @ http://localhost:4321/scripts/preserveUTM.js:118
[  597003ms] [LOG] 🎯 DOMContentLoaded - running addUtmsToLinks @ http://localhost:4321/scripts/preserveUTM.js:142
[  597004ms] [LOG] Original button text:  Join Now  @ http://localhost:4321/src/components/ui/Button.astro?astro&type=script&index=0&lang.ts:16
[  597004ms] [LOG] Manual split chars: 10 @ http://localhost:4321/src/components/ui/Button.astro?astro&type=script&index=0&lang.ts:32
[  597004ms] [LOG] After manual split:  Join Now  @ http://localhost:4321/src/components/ui/Button.astro?astro&type=script&index=0&lang.ts:33
