[     122ms] [LOG] 🎯 preserveUTM.js script loaded @ http://localhost:4321/scripts/preserveUTM.js:118
[     266ms] [LOG] 🎯 DOMContentLoaded - running addUtmsToLinks @ http://localhost:4321/scripts/preserveUTM.js:142
[     266ms] [LOG] Original button text:  Join Now  @ http://localhost:4321/src/components/ui/Button.astro?astro&type=script&index=0&lang.ts:16
[     266ms] [LOG] Manual split chars: 10 @ http://localhost:4321/src/components/ui/Button.astro?astro&type=script&index=0&lang.ts:32
[     266ms] [LOG] After manual split:  Join Now  @ http://localhost:4321/src/components/ui/Button.astro?astro&type=script&index=0&lang.ts:33
[   21627ms] [LOG] 🎯 preserveUTM.js script loaded @ http://localhost:4321/scripts/preserveUTM.js:118
[   21789ms] [LOG] 🎯 DOMContentLoaded - running addUtmsToLinks @ http://localhost:4321/scripts/preserveUTM.js:142
[   21790ms] [LOG] Original button text:  Join Now  @ http://localhost:4321/src/components/ui/Button.astro?astro&type=script&index=0&lang.ts:16
[   21790ms] [LOG] Manual split chars: 10 @ http://localhost:4321/src/components/ui/Button.astro?astro&type=script&index=0&lang.ts:32
[   21790ms] [LOG] After manual split:  Join Now  @ http://localhost:4321/src/components/ui/Button.astro?astro&type=script&index=0&lang.ts:33
[  145411ms] [LOG] 🎯 preserveUTM.js script loaded @ http://localhost:4321/scripts/preserveUTM.js:118
[  145778ms] [LOG] 🎯 DOMContentLoaded - running addUtmsToLinks @ http://localhost:4321/scripts/preserveUTM.js:142
[  145779ms] [LOG] Original button text:  Join Now  @ http://localhost:4321/src/components/ui/Button.astro?astro&type=script&index=0&lang.ts:16
[  145779ms] [LOG] Manual split chars: 10 @ http://localhost:4321/src/components/ui/Button.astro?astro&type=script&index=0&lang.ts:32
[  145779ms] [LOG] After manual split:  Join Now  @ http://localhost:4321/src/components/ui/Button.astro?astro&type=script&index=0&lang.ts:33
[  153541ms] [LOG] 🎯 preserveUTM.js script loaded @ http://localhost:4321/scripts/preserveUTM.js:118
[  153730ms] [LOG] 🎯 DOMContentLoaded - running addUtmsToLinks @ http://localhost:4321/scripts/preserveUTM.js:142
[  153730ms] [LOG] Original button text:  Join Now  @ http://localhost:4321/src/components/ui/Button.astro?astro&type=script&index=0&lang.ts:16
[  153730ms] [LOG] Manual split chars: 10 @ http://localhost:4321/src/components/ui/Button.astro?astro&type=script&index=0&lang.ts:32
[  153730ms] [LOG] After manual split:  Join Now  @ http://localhost:4321/src/components/ui/Button.astro?astro&type=script&index=0&lang.ts:33
[  174193ms] [LOG] 🎯 preserveUTM.js script loaded @ http://localhost:4321/scripts/preserveUTM.js:118
[  174406ms] [LOG] 🎯 DOMContentLoaded - running addUtmsToLinks @ http://localhost:4321/scripts/preserveUTM.js:142
[  174406ms] [LOG] Original button text:  Join Now  @ http://localhost:4321/src/components/ui/Button.astro?astro&type=script&index=0&lang.ts:16
[  174406ms] [LOG] Manual split chars: 10 @ http://localhost:4321/src/components/ui/Button.astro?astro&type=script&index=0&lang.ts:32
[  174406ms] [LOG] After manual split:  Join Now  @ http://localhost:4321/src/components/ui/Button.astro?astro&type=script&index=0&lang.ts:33
