[    3402ms] [LOG] 🎯 preserveUTM.js script loaded @ http://localhost:4321/scripts/preserveUTM.js:118
[    3609ms] [LOG] 🎯 DOMContentLoaded - running addUtmsToLinks @ http://localhost:4321/scripts/preserveUTM.js:142
[    3609ms] [LOG] Original button text:  Join Now  @ http://localhost:4321/src/components/ui/Button.astro?astro&type=script&index=0&lang.ts:16
[    3609ms] [LOG] Manual split chars: 10 @ http://localhost:4321/src/components/ui/Button.astro?astro&type=script&index=0&lang.ts:32
[    3609ms] [LOG] After manual split:  Join Now  @ http://localhost:4321/src/components/ui/Button.astro?astro&type=script&index=0&lang.ts:33
[  210901ms] [LOG] 🎯 preserveUTM.js script loaded @ http://localhost:4321/scripts/preserveUTM.js:118
[  211173ms] [LOG] 🎯 DOMContentLoaded - running addUtmsToLinks @ http://localhost:4321/scripts/preserveUTM.js:142
[  211173ms] [LOG] Original button text:  Join Now  @ http://localhost:4321/src/components/ui/Button.astro?astro&type=script&index=0&lang.ts:16
[  211173ms] [LOG] Manual split chars: 10 @ http://localhost:4321/src/components/ui/Button.astro?astro&type=script&index=0&lang.ts:32
[  211173ms] [LOG] After manual split:  Join Now  @ http://localhost:4321/src/components/ui/Button.astro?astro&type=script&index=0&lang.ts:33
[  239974ms] [LOG] 🎯 preserveUTM.js script loaded @ http://localhost:4321/scripts/preserveUTM.js:118
[  240213ms] [LOG] 🎯 DOMContentLoaded - running addUtmsToLinks @ http://localhost:4321/scripts/preserveUTM.js:142
[  240213ms] [LOG] Original button text:  Join Now  @ http://localhost:4321/src/components/ui/Button.astro?astro&type=script&index=0&lang.ts:16
[  240214ms] [LOG] Manual split chars: 10 @ http://localhost:4321/src/components/ui/Button.astro?astro&type=script&index=0&lang.ts:32
[  240214ms] [LOG] After manual split:  Join Now  @ http://localhost:4321/src/components/ui/Button.astro?astro&type=script&index=0&lang.ts:33
[  364528ms] [LOG] 🎯 preserveUTM.js script loaded @ http://localhost:4321/scripts/preserveUTM.js:118
[  364736ms] [LOG] 🎯 DOMContentLoaded - running addUtmsToLinks @ http://localhost:4321/scripts/preserveUTM.js:142
[  364736ms] [LOG] Original button text:  Join Now  @ http://localhost:4321/src/components/ui/Button.astro?astro&type=script&index=0&lang.ts:16
[  364737ms] [LOG] Manual split chars: 10 @ http://localhost:4321/src/components/ui/Button.astro?astro&type=script&index=0&lang.ts:32
[  364737ms] [LOG] After manual split:  Join Now  @ http://localhost:4321/src/components/ui/Button.astro?astro&type=script&index=0&lang.ts:33
[  366072ms] [LOG] 🎯 preserveUTM.js script loaded @ http://localhost:4321/scripts/preserveUTM.js:118
[  366500ms] [LOG] 🎯 DOMContentLoaded - running addUtmsToLinks @ http://localhost:4321/scripts/preserveUTM.js:142
[  366500ms] [LOG] Original button text:  Join Now  @ http://localhost:4321/src/components/ui/Button.astro?astro&type=script&index=0&lang.ts:16
[  366500ms] [LOG] Manual split chars: 10 @ http://localhost:4321/src/components/ui/Button.astro?astro&type=script&index=0&lang.ts:32
[  366500ms] [LOG] After manual split:  Join Now  @ http://localhost:4321/src/components/ui/Button.astro?astro&type=script&index=0&lang.ts:33
[  767061ms] [LOG] 🎯 preserveUTM.js script loaded @ http://localhost:4321/scripts/preserveUTM.js:118
[  767367ms] [LOG] 🎯 DOMContentLoaded - running addUtmsToLinks @ http://localhost:4321/scripts/preserveUTM.js:142
[  767368ms] [LOG] Original button text:  Join Now  @ http://localhost:4321/src/components/ui/Button.astro?astro&type=script&index=0&lang.ts:16
[  767368ms] [LOG] Manual split chars: 10 @ http://localhost:4321/src/components/ui/Button.astro?astro&type=script&index=0&lang.ts:32
[  767368ms] [LOG] After manual split:  Join Now  @ http://localhost:4321/src/components/ui/Button.astro?astro&type=script&index=0&lang.ts:33
[  776243ms] [LOG] 🎯 preserveUTM.js script loaded @ http://localhost:4321/scripts/preserveUTM.js:118
[  776744ms] [LOG] 🎯 DOMContentLoaded - running addUtmsToLinks @ http://localhost:4321/scripts/preserveUTM.js:142
[  776744ms] [LOG] Original button text:  Join Now  @ http://localhost:4321/src/components/ui/Button.astro?astro&type=script&index=0&lang.ts:16
[  776745ms] [LOG] Manual split chars: 10 @ http://localhost:4321/src/components/ui/Button.astro?astro&type=script&index=0&lang.ts:32
[  776745ms] [LOG] After manual split:  Join Now  @ http://localhost:4321/src/components/ui/Button.astro?astro&type=script&index=0&lang.ts:33
[ 1142102ms] [LOG] 🎯 preserveUTM.js script loaded @ http://localhost:4321/scripts/preserveUTM.js:118
[ 1142489ms] [LOG] 🎯 DOMContentLoaded - running addUtmsToLinks @ http://localhost:4321/scripts/preserveUTM.js:142
[ 1142490ms] [LOG] Original button text:  Join Now  @ http://localhost:4321/src/components/ui/Button.astro?astro&type=script&index=0&lang.ts:16
[ 1142490ms] [LOG] Manual split chars: 10 @ http://localhost:4321/src/components/ui/Button.astro?astro&type=script&index=0&lang.ts:32
[ 1142490ms] [LOG] After manual split:  Join Now  @ http://localhost:4321/src/components/ui/Button.astro?astro&type=script&index=0&lang.ts:33
[ 1167686ms] [LOG] 🎯 preserveUTM.js script loaded @ http://localhost:4321/scripts/preserveUTM.js:118
[ 1167976ms] [LOG] 🎯 DOMContentLoaded - running addUtmsToLinks @ http://localhost:4321/scripts/preserveUTM.js:142
[ 1167977ms] [LOG] Original button text:  Join Now  @ http://localhost:4321/src/components/ui/Button.astro?astro&type=script&index=0&lang.ts:16
[ 1167977ms] [LOG] Manual split chars: 10 @ http://localhost:4321/src/components/ui/Button.astro?astro&type=script&index=0&lang.ts:32
[ 1167977ms] [LOG] After manual split:  Join Now  @ http://localhost:4321/src/components/ui/Button.astro?astro&type=script&index=0&lang.ts:33
[ 1570319ms] [LOG] 🎯 preserveUTM.js script loaded @ http://localhost:4321/scripts/preserveUTM.js:118
[ 1570626ms] [LOG] 🎯 DOMContentLoaded - running addUtmsToLinks @ http://localhost:4321/scripts/preserveUTM.js:142
[ 1570627ms] [LOG] Original button text:  Join Now  @ http://localhost:4321/src/components/ui/Button.astro?astro&type=script&index=0&lang.ts:16
[ 1570627ms] [LOG] Manual split chars: 10 @ http://localhost:4321/src/components/ui/Button.astro?astro&type=script&index=0&lang.ts:32
[ 1570627ms] [LOG] After manual split:  Join Now  @ http://localhost:4321/src/components/ui/Button.astro?astro&type=script&index=0&lang.ts:33
[ 1578569ms] [LOG] 🎯 preserveUTM.js script loaded @ http://localhost:4321/scripts/preserveUTM.js:118
[ 1578858ms] [LOG] 🎯 DOMContentLoaded - running addUtmsToLinks @ http://localhost:4321/scripts/preserveUTM.js:142
[ 1578859ms] [LOG] Original button text:  Join Now  @ http://localhost:4321/src/components/ui/Button.astro?astro&type=script&index=0&lang.ts:16
[ 1578859ms] [LOG] Manual split chars: 10 @ http://localhost:4321/src/components/ui/Button.astro?astro&type=script&index=0&lang.ts:32
[ 1578859ms] [LOG] After manual split:  Join Now  @ http://localhost:4321/src/components/ui/Button.astro?astro&type=script&index=0&lang.ts:33
[ 1651641ms] [LOG] 🎯 preserveUTM.js script loaded @ http://localhost:4321/scripts/preserveUTM.js:118
[ 1651955ms] [LOG] 🎯 DOMContentLoaded - running addUtmsToLinks @ http://localhost:4321/scripts/preserveUTM.js:142
[ 1651956ms] [LOG] Original button text:  Join Now  @ http://localhost:4321/src/components/ui/Button.astro?astro&type=script&index=0&lang.ts:16
[ 1651956ms] [LOG] Manual split chars: 10 @ http://localhost:4321/src/components/ui/Button.astro?astro&type=script&index=0&lang.ts:32
[ 1651956ms] [LOG] After manual split:  Join Now  @ http://localhost:4321/src/components/ui/Button.astro?astro&type=script&index=0&lang.ts:33
[ 1862474ms] [LOG] 🎯 preserveUTM.js script loaded @ http://localhost:4321/scripts/preserveUTM.js:118
[ 1862731ms] [LOG] 🎯 DOMContentLoaded - running addUtmsToLinks @ http://localhost:4321/scripts/preserveUTM.js:142
[ 1862731ms] [LOG] Original button text:  Join Now  @ http://localhost:4321/src/components/ui/Button.astro?astro&type=script&index=0&lang.ts:16
[ 1862732ms] [LOG] Manual split chars: 10 @ http://localhost:4321/src/components/ui/Button.astro?astro&type=script&index=0&lang.ts:32
[ 1862732ms] [LOG] After manual split:  Join Now  @ http://localhost:4321/src/components/ui/Button.astro?astro&type=script&index=0&lang.ts:33
[ 2063828ms] [LOG] 🎯 preserveUTM.js script loaded @ http://localhost:4321/scripts/preserveUTM.js:118
[ 2064137ms] [LOG] 🎯 DOMContentLoaded - running addUtmsToLinks @ http://localhost:4321/scripts/preserveUTM.js:142
[ 2064137ms] [LOG] Original button text:  Join Now  @ http://localhost:4321/src/components/ui/Button.astro?astro&type=script&index=0&lang.ts:16
[ 2064137ms] [LOG] Manual split chars: 10 @ http://localhost:4321/src/components/ui/Button.astro?astro&type=script&index=0&lang.ts:32
[ 2064137ms] [LOG] After manual split:  Join Now  @ http://localhost:4321/src/components/ui/Button.astro?astro&type=script&index=0&lang.ts:33
[ 2097677ms] [LOG] 🎯 preserveUTM.js script loaded @ http://localhost:4321/scripts/preserveUTM.js:118
[ 2098087ms] [LOG] 🎯 DOMContentLoaded - running addUtmsToLinks @ http://localhost:4321/scripts/preserveUTM.js:142
[ 2098087ms] [LOG] Original button text:  Join Now  @ http://localhost:4321/src/components/ui/Button.astro?astro&type=script&index=0&lang.ts:16
[ 2098087ms] [LOG] Manual split chars: 10 @ http://localhost:4321/src/components/ui/Button.astro?astro&type=script&index=0&lang.ts:32
[ 2098087ms] [LOG] After manual split:  Join Now  @ http://localhost:4321/src/components/ui/Button.astro?astro&type=script&index=0&lang.ts:33
[ 2131420ms] [LOG] 🎯 preserveUTM.js script loaded @ http://localhost:4321/scripts/preserveUTM.js:118
[ 2131760ms] [LOG] 🎯 DOMContentLoaded - running addUtmsToLinks @ http://localhost:4321/scripts/preserveUTM.js:142
[ 2131761ms] [LOG] Original button text:  Join Now  @ http://localhost:4321/src/components/ui/Button.astro?astro&type=script&index=0&lang.ts:16
[ 2131761ms] [LOG] Manual split chars: 10 @ http://localhost:4321/src/components/ui/Button.astro?astro&type=script&index=0&lang.ts:32
[ 2131761ms] [LOG] After manual split:  Join Now  @ http://localhost:4321/src/components/ui/Button.astro?astro&type=script&index=0&lang.ts:33
[ 2377073ms] [LOG] 🎯 preserveUTM.js script loaded @ http://localhost:4321/scripts/preserveUTM.js:118
[ 2377366ms] [LOG] 🎯 DOMContentLoaded - running addUtmsToLinks @ http://localhost:4321/scripts/preserveUTM.js:142
[ 2377367ms] [LOG] Original button text:  Join Now  @ http://localhost:4321/src/components/ui/Button.astro?astro&type=script&index=0&lang.ts:16
[ 2377367ms] [LOG] Manual split chars: 10 @ http://localhost:4321/src/components/ui/Button.astro?astro&type=script&index=0&lang.ts:32
[ 2377367ms] [LOG] After manual split:  Join Now  @ http://localhost:4321/src/components/ui/Button.astro?astro&type=script&index=0&lang.ts:33
[ 2409678ms] [LOG] 🎯 preserveUTM.js script loaded @ http://localhost:4321/scripts/preserveUTM.js:118
[ 2409971ms] ReferenceError: installEntrance is not defined
    at installAll (http://localhost:4321/src/components/tenerife/SectionTestimonials.astro?astro&type=script&index=0&lang.ts:94:3)
    at http://localhost:4321/src/components/tenerife/SectionTestimonials.astro?astro&type=script&index=0&lang.ts:100:3
[ 2410029ms] [LOG] 🎯 DOMContentLoaded - running addUtmsToLinks @ http://localhost:4321/scripts/preserveUTM.js:142
[ 2410030ms] [LOG] Original button text:  Join Now  @ http://localhost:4321/src/components/ui/Button.astro?astro&type=script&index=0&lang.ts:16
[ 2410030ms] [LOG] Manual split chars: 10 @ http://localhost:4321/src/components/ui/Button.astro?astro&type=script&index=0&lang.ts:32
[ 2410030ms] [LOG] After manual split:  Join Now  @ http://localhost:4321/src/components/ui/Button.astro?astro&type=script&index=0&lang.ts:33
[ 2435811ms] [LOG] 🎯 preserveUTM.js script loaded @ http://localhost:4321/scripts/preserveUTM.js:118
[ 2436001ms] ReferenceError: installEntrance is not defined
    at installAll (http://localhost:4321/src/components/tenerife/SectionTestimonials.astro?astro&type=script&index=0&lang.ts:54:3)
    at http://localhost:4321/src/components/tenerife/SectionTestimonials.astro?astro&type=script&index=0&lang.ts:60:3
[ 2436066ms] [LOG] 🎯 DOMContentLoaded - running addUtmsToLinks @ http://localhost:4321/scripts/preserveUTM.js:142
[ 2436067ms] [LOG] Original button text:  Join Now  @ http://localhost:4321/src/components/ui/Button.astro?astro&type=script&index=0&lang.ts:16
[ 2436067ms] [LOG] Manual split chars: 10 @ http://localhost:4321/src/components/ui/Button.astro?astro&type=script&index=0&lang.ts:32
[ 2436067ms] [LOG] After manual split:  Join Now  @ http://localhost:4321/src/components/ui/Button.astro?astro&type=script&index=0&lang.ts:33
[ 2442865ms] [LOG] 🎯 preserveUTM.js script loaded @ http://localhost:4321/scripts/preserveUTM.js:118
[ 2443121ms] [LOG] 🎯 DOMContentLoaded - running addUtmsToLinks @ http://localhost:4321/scripts/preserveUTM.js:142
[ 2443122ms] [LOG] Original button text:  Join Now  @ http://localhost:4321/src/components/ui/Button.astro?astro&type=script&index=0&lang.ts:16
[ 2443122ms] [LOG] Manual split chars: 10 @ http://localhost:4321/src/components/ui/Button.astro?astro&type=script&index=0&lang.ts:32
[ 2443122ms] [LOG] After manual split:  Join Now  @ http://localhost:4321/src/components/ui/Button.astro?astro&type=script&index=0&lang.ts:33
[ 2550531ms] [LOG] 🎯 preserveUTM.js script loaded @ http://localhost:4321/scripts/preserveUTM.js:118
[ 2550774ms] [LOG] 🎯 DOMContentLoaded - running addUtmsToLinks @ http://localhost:4321/scripts/preserveUTM.js:142
[ 2550775ms] [LOG] Original button text:  Join Now  @ http://localhost:4321/src/components/ui/Button.astro?astro&type=script&index=0&lang.ts:16
[ 2550775ms] [LOG] Manual split chars: 10 @ http://localhost:4321/src/components/ui/Button.astro?astro&type=script&index=0&lang.ts:32
[ 2550775ms] [LOG] After manual split:  Join Now  @ http://localhost:4321/src/components/ui/Button.astro?astro&type=script&index=0&lang.ts:33
[ 2558095ms] [LOG] 🎯 preserveUTM.js script loaded @ http://localhost:4321/scripts/preserveUTM.js:118
[ 2558335ms] [LOG] 🎯 DOMContentLoaded - running addUtmsToLinks @ http://localhost:4321/scripts/preserveUTM.js:142
[ 2558336ms] [LOG] Original button text:  Join Now  @ http://localhost:4321/src/components/ui/Button.astro?astro&type=script&index=0&lang.ts:16
[ 2558336ms] [LOG] Manual split chars: 10 @ http://localhost:4321/src/components/ui/Button.astro?astro&type=script&index=0&lang.ts:32
[ 2558336ms] [LOG] After manual split:  Join Now  @ http://localhost:4321/src/components/ui/Button.astro?astro&type=script&index=0&lang.ts:33
[ 2566021ms] [LOG] 🎯 preserveUTM.js script loaded @ http://localhost:4321/scripts/preserveUTM.js:118
[ 2566425ms] [LOG] 🎯 DOMContentLoaded - running addUtmsToLinks @ http://localhost:4321/scripts/preserveUTM.js:142
[ 2566426ms] [LOG] Original button text:  Join Now  @ http://localhost:4321/src/components/ui/Button.astro?astro&type=script&index=0&lang.ts:16
[ 2566426ms] [LOG] Manual split chars: 10 @ http://localhost:4321/src/components/ui/Button.astro?astro&type=script&index=0&lang.ts:32
[ 2566426ms] [LOG] After manual split:  Join Now  @ http://localhost:4321/src/components/ui/Button.astro?astro&type=script&index=0&lang.ts:33
[ 2793709ms] [LOG] 🎯 preserveUTM.js script loaded @ http://localhost:4321/scripts/preserveUTM.js:118
[ 2794036ms] [LOG] 🎯 DOMContentLoaded - running addUtmsToLinks @ http://localhost:4321/scripts/preserveUTM.js:142
[ 2794037ms] [LOG] Original button text:  Join Now  @ http://localhost:4321/src/components/ui/Button.astro?astro&type=script&index=0&lang.ts:16
[ 2794037ms] [LOG] Manual split chars: 10 @ http://localhost:4321/src/components/ui/Button.astro?astro&type=script&index=0&lang.ts:32
[ 2794037ms] [LOG] After manual split:  Join Now  @ http://localhost:4321/src/components/ui/Button.astro?astro&type=script&index=0&lang.ts:33
[ 2866355ms] [LOG] 🎯 preserveUTM.js script loaded @ http://localhost:4321/scripts/preserveUTM.js:118
[ 2866611ms] [LOG] 🎯 DOMContentLoaded - running addUtmsToLinks @ http://localhost:4321/scripts/preserveUTM.js:142
[ 2866612ms] [LOG] Original button text:  Join Now  @ http://localhost:4321/src/components/ui/Button.astro?astro&type=script&index=0&lang.ts:16
[ 2866612ms] [LOG] Manual split chars: 10 @ http://localhost:4321/src/components/ui/Button.astro?astro&type=script&index=0&lang.ts:32
[ 2866612ms] [LOG] After manual split:  Join Now  @ http://localhost:4321/src/components/ui/Button.astro?astro&type=script&index=0&lang.ts:33
[ 3425024ms] [LOG] 🎯 preserveUTM.js script loaded @ http://localhost:4321/scripts/preserveUTM.js:118
[ 3425317ms] [LOG] 🎯 DOMContentLoaded - running addUtmsToLinks @ http://localhost:4321/scripts/preserveUTM.js:142
[ 3425317ms] [LOG] Original button text:  Join Now  @ http://localhost:4321/src/components/ui/Button.astro?astro&type=script&index=0&lang.ts:16
[ 3425317ms] [LOG] Manual split chars: 10 @ http://localhost:4321/src/components/ui/Button.astro?astro&type=script&index=0&lang.ts:32
[ 3425317ms] [LOG] After manual split:  Join Now  @ http://localhost:4321/src/components/ui/Button.astro?astro&type=script&index=0&lang.ts:33
[ 3433305ms] [LOG] 🎯 preserveUTM.js script loaded @ http://localhost:4321/scripts/preserveUTM.js:118
[ 3433479ms] [LOG] 🎯 DOMContentLoaded - running addUtmsToLinks @ http://localhost:4321/scripts/preserveUTM.js:142
[ 3433479ms] [LOG] Original button text:  Join Now  @ http://localhost:4321/src/components/ui/Button.astro?astro&type=script&index=0&lang.ts:16
[ 3433479ms] [LOG] Manual split chars: 10 @ http://localhost:4321/src/components/ui/Button.astro?astro&type=script&index=0&lang.ts:32
[ 3433479ms] [LOG] After manual split:  Join Now  @ http://localhost:4321/src/components/ui/Button.astro?astro&type=script&index=0&lang.ts:33
[ 3453961ms] [LOG] 🎯 preserveUTM.js script loaded @ http://localhost:4321/scripts/preserveUTM.js:118
[ 3454223ms] [LOG] 🎯 DOMContentLoaded - running addUtmsToLinks @ http://localhost:4321/scripts/preserveUTM.js:142
[ 3454223ms] [LOG] Original button text:  Join Now  @ http://localhost:4321/src/components/ui/Button.astro?astro&type=script&index=0&lang.ts:16
[ 3454224ms] [LOG] Manual split chars: 10 @ http://localhost:4321/src/components/ui/Button.astro?astro&type=script&index=0&lang.ts:32
[ 3454224ms] [LOG] After manual split:  Join Now  @ http://localhost:4321/src/components/ui/Button.astro?astro&type=script&index=0&lang.ts:33
